<?xml version="1.0" encoding="UTF-8"?>
<testsuite name="com.chc853.book.springboot.web.PostsApiControllerTest" tests="3" skipped="0" failures="0" errors="0" timestamp="2021-03-17T13:12:19" hostname="DESKTOP-5K42CEL" time="0.121">
  <properties/>
  <testcase name="Posts_update" classname="com.chc853.book.springboot.web.PostsApiControllerTest" time="0.086"/>
  <testcase name="Posts_save" classname="com.chc853.book.springboot.web.PostsApiControllerTest" time="0.017"/>
  <testcase name="BaseTimeEntity_save" classname="com.chc853.book.springboot.web.PostsApiControllerTest" time="0.016"/>
  <system-out><![CDATA[2021-03-17 22:12:19.306  INFO 11152 --- [    Test worker] .b.t.c.SpringBootTestContextBootstrapper : Neither @ContextConfiguration nor @ContextHierarchy found for test class [com.chc853.book.springboot.web.PostsApiControllerTest], using SpringBootContextLoader
2021-03-17 22:12:19.306  INFO 11152 --- [    Test worker] o.s.t.c.support.AbstractContextLoader    : Could not detect default resource locations for test class [com.chc853.book.springboot.web.PostsApiControllerTest]: no resource found for suffixes {-context.xml, Context.groovy}.
2021-03-17 22:12:19.306  INFO 11152 --- [    Test worker] t.c.s.AnnotationConfigContextLoaderUtils : Could not detect default configuration classes for test class [com.chc853.book.springboot.web.PostsApiControllerTest]: PostsApiControllerTest does not declare any static, non-private, non-final, nested classes annotated with @Configuration.
2021-03-17 22:12:19.306  INFO 11152 --- [    Test worker] .b.t.c.SpringBootTestContextBootstrapper : Found @SpringBootConfiguration com.chc853.book.springboot.Application for test class com.chc853.book.springboot.web.PostsApiControllerTest
2021-03-17 22:12:19.306  INFO 11152 --- [    Test worker] .b.t.c.SpringBootTestContextBootstrapper : Loaded default TestExecutionListener class names from location [META-INF/spring.factories]: [org.springframework.security.test.context.support.WithSecurityContextTestExecutionListener, org.springframework.security.test.context.support.ReactorContextTestExecutionListener, org.springframework.boot.test.autoconfigure.restdocs.RestDocsTestExecutionListener, org.springframework.boot.test.autoconfigure.web.client.MockRestServiceServerResetTestExecutionListener, org.springframework.boot.test.autoconfigure.web.servlet.MockMvcPrintOnlyOnFailureTestExecutionListener, org.springframework.boot.test.autoconfigure.web.servlet.WebDriverTestExecutionListener, org.springframework.boot.test.mock.mockito.MockitoTestExecutionListener, org.springframework.boot.test.mock.mockito.ResetMocksTestExecutionListener, org.springframework.test.context.web.ServletTestExecutionListener, org.springframework.test.context.support.DirtiesContextBeforeModesTestExecutionListener, org.springframework.test.context.support.DependencyInjectionTestExecutionListener, org.springframework.test.context.support.DirtiesContextTestExecutionListener, org.springframework.test.context.transaction.TransactionalTestExecutionListener, org.springframework.test.context.jdbc.SqlScriptsTestExecutionListener]
2021-03-17 22:12:19.306  INFO 11152 --- [    Test worker] .b.t.c.SpringBootTestContextBootstrapper : Using TestExecutionListeners: [org.springframework.test.context.web.ServletTestExecutionListener@308304f9, org.springframework.test.context.support.DirtiesContextBeforeModesTestExecutionListener@37419573, org.springframework.boot.test.mock.mockito.MockitoTestExecutionListener@4e7b7403, org.springframework.boot.test.autoconfigure.SpringBootDependencyInjectionTestExecutionListener@3348389a, org.springframework.test.context.support.DirtiesContextTestExecutionListener@1bc456c6, org.springframework.test.context.transaction.TransactionalTestExecutionListener@2095b2c0, org.springframework.test.context.jdbc.SqlScriptsTestExecutionListener@355b11bd, org.springframework.security.test.context.support.WithSecurityContextTestExecutionListener@47a56364, org.springframework.security.test.context.support.ReactorContextTestExecutionListener@7eee6f30, org.springframework.boot.test.autoconfigure.restdocs.RestDocsTestExecutionListener@73e0c19f, org.springframework.boot.test.autoconfigure.web.client.MockRestServiceServerResetTestExecutionListener@1e5bf0a7, org.springframework.boot.test.autoconfigure.web.servlet.MockMvcPrintOnlyOnFailureTestExecutionListener@72091e4b, org.springframework.boot.test.autoconfigure.web.servlet.WebDriverTestExecutionListener@7f1368d5, org.springframework.boot.test.mock.mockito.ResetMocksTestExecutionListener@a0aa291]
2021-03-17 22:12:19.322  INFO 11152 --- [    Test worker] o.a.c.c.C.[Tomcat].[localhost].[/]       : Initializing Spring TestDispatcherServlet ''
2021-03-17 22:12:19.322  INFO 11152 --- [    Test worker] o.s.t.web.servlet.TestDispatcherServlet  : Initializing Servlet ''
2021-03-17 22:12:19.322  INFO 11152 --- [    Test worker] o.s.t.web.servlet.TestDispatcherServlet  : Completed initialization in 0 ms
Hibernate: insert into posts (create_date, modified_date, author, content, title) values (?, ?, ?, ?, ?)
Hibernate: select posts0_.id as id1_0_0_, posts0_.create_date as create_d2_0_0_, posts0_.modified_date as modified3_0_0_, posts0_.author as author4_0_0_, posts0_.content as content5_0_0_, posts0_.title as title6_0_0_ from posts posts0_ where posts0_.id=?
Hibernate: update posts set create_date=?, modified_date=?, author=?, content=?, title=? where id=?
Hibernate: select posts0_.id as id1_0_, posts0_.create_date as create_d2_0_, posts0_.modified_date as modified3_0_, posts0_.author as author4_0_, posts0_.content as content5_0_, posts0_.title as title6_0_ from posts posts0_
Hibernate: select posts0_.id as id1_0_, posts0_.create_date as create_d2_0_, posts0_.modified_date as modified3_0_, posts0_.author as author4_0_, posts0_.content as content5_0_, posts0_.title as title6_0_ from posts posts0_
Hibernate: delete from posts where id=?
2021-03-17 22:12:19.400  INFO 11152 --- [    Test worker] o.a.c.c.C.[Tomcat].[localhost].[/]       : Initializing Spring TestDispatcherServlet ''
2021-03-17 22:12:19.400  INFO 11152 --- [    Test worker] o.s.t.web.servlet.TestDispatcherServlet  : Initializing Servlet ''
2021-03-17 22:12:19.400  INFO 11152 --- [    Test worker] o.s.t.web.servlet.TestDispatcherServlet  : Completed initialization in 0 ms
Hibernate: insert into posts (create_date, modified_date, author, content, title) values (?, ?, ?, ?, ?)
Hibernate: select posts0_.id as id1_0_, posts0_.create_date as create_d2_0_, posts0_.modified_date as modified3_0_, posts0_.author as author4_0_, posts0_.content as content5_0_, posts0_.title as title6_0_ from posts posts0_
Hibernate: select posts0_.id as id1_0_, posts0_.create_date as create_d2_0_, posts0_.modified_date as modified3_0_, posts0_.author as author4_0_, posts0_.content as content5_0_, posts0_.title as title6_0_ from posts posts0_
Hibernate: delete from posts where id=?
2021-03-17 22:12:19.415  INFO 11152 --- [    Test worker] o.a.c.c.C.[Tomcat].[localhost].[/]       : Initializing Spring TestDispatcherServlet ''
2021-03-17 22:12:19.415  INFO 11152 --- [    Test worker] o.s.t.web.servlet.TestDispatcherServlet  : Initializing Servlet ''
2021-03-17 22:12:19.415  INFO 11152 --- [    Test worker] o.s.t.web.servlet.TestDispatcherServlet  : Completed initialization in 0 ms
Hibernate: insert into posts (create_date, modified_date, author, content, title) values (?, ?, ?, ?, ?)
Hibernate: select posts0_.id as id1_0_, posts0_.create_date as create_d2_0_, posts0_.modified_date as modified3_0_, posts0_.author as author4_0_, posts0_.content as content5_0_, posts0_.title as title6_0_ from posts posts0_
>>>>>>>>>>>> createDate=2021-03-17T22:12:19.415, modifiedDate=2021-03-17T22:12:19.415
Hibernate: select posts0_.id as id1_0_, posts0_.create_date as create_d2_0_, posts0_.modified_date as modified3_0_, posts0_.author as author4_0_, posts0_.content as content5_0_, posts0_.title as title6_0_ from posts posts0_
Hibernate: delete from posts where id=?
]]></system-out>
  <system-err><![CDATA[]]></system-err>
</testsuite>
