<?xml version="1.0" encoding="UTF-8"?>
<testsuite name="com.chc853.book.springboot.web.IndexControllerTest" tests="1" skipped="0" failures="0" errors="0" timestamp="2021-03-17T13:12:19" hostname="DESKTOP-5K42CEL" time="0.166">
  <properties/>
  <testcase name="mainpage_loading" classname="com.chc853.book.springboot.web.IndexControllerTest" time="0.166"/>
  <system-out><![CDATA[2021-03-17 22:12:17.257  INFO 11152 --- [    Test worker] .b.t.c.SpringBootTestContextBootstrapper : Neither @ContextConfiguration nor @ContextHierarchy found for test class [com.chc853.book.springboot.web.IndexControllerTest], using SpringBootContextLoader
2021-03-17 22:12:17.257  INFO 11152 --- [    Test worker] o.s.t.c.support.AbstractContextLoader    : Could not detect default resource locations for test class [com.chc853.book.springboot.web.IndexControllerTest]: no resource found for suffixes {-context.xml, Context.groovy}.
2021-03-17 22:12:17.257  INFO 11152 --- [    Test worker] t.c.s.AnnotationConfigContextLoaderUtils : Could not detect default configuration classes for test class [com.chc853.book.springboot.web.IndexControllerTest]: IndexControllerTest does not declare any static, non-private, non-final, nested classes annotated with @Configuration.
2021-03-17 22:12:17.273  INFO 11152 --- [    Test worker] .b.t.c.SpringBootTestContextBootstrapper : Found @SpringBootConfiguration com.chc853.book.springboot.Application for test class com.chc853.book.springboot.web.IndexControllerTest
2021-03-17 22:12:17.273  INFO 11152 --- [    Test worker] .b.t.c.SpringBootTestContextBootstrapper : Loaded default TestExecutionListener class names from location [META-INF/spring.factories]: [org.springframework.security.test.context.support.WithSecurityContextTestExecutionListener, org.springframework.security.test.context.support.ReactorContextTestExecutionListener, org.springframework.boot.test.autoconfigure.restdocs.RestDocsTestExecutionListener, org.springframework.boot.test.autoconfigure.web.client.MockRestServiceServerResetTestExecutionListener, org.springframework.boot.test.autoconfigure.web.servlet.MockMvcPrintOnlyOnFailureTestExecutionListener, org.springframework.boot.test.autoconfigure.web.servlet.WebDriverTestExecutionListener, org.springframework.boot.test.mock.mockito.MockitoTestExecutionListener, org.springframework.boot.test.mock.mockito.ResetMocksTestExecutionListener, org.springframework.test.context.web.ServletTestExecutionListener, org.springframework.test.context.support.DirtiesContextBeforeModesTestExecutionListener, org.springframework.test.context.support.DependencyInjectionTestExecutionListener, org.springframework.test.context.support.DirtiesContextTestExecutionListener, org.springframework.test.context.transaction.TransactionalTestExecutionListener, org.springframework.test.context.jdbc.SqlScriptsTestExecutionListener]
2021-03-17 22:12:17.273  INFO 11152 --- [    Test worker] .b.t.c.SpringBootTestContextBootstrapper : Using TestExecutionListeners: [org.springframework.test.context.web.ServletTestExecutionListener@4774f014, org.springframework.test.context.support.DirtiesContextBeforeModesTestExecutionListener@7c12f57d, org.springframework.boot.test.mock.mockito.MockitoTestExecutionListener@5da5b611, org.springframework.boot.test.autoconfigure.SpringBootDependencyInjectionTestExecutionListener@67e70606, org.springframework.test.context.support.DirtiesContextTestExecutionListener@773bebe, org.springframework.test.context.transaction.TransactionalTestExecutionListener@6c210a30, org.springframework.test.context.jdbc.SqlScriptsTestExecutionListener@1c442c9b, org.springframework.security.test.context.support.WithSecurityContextTestExecutionListener@434cce23, org.springframework.security.test.context.support.ReactorContextTestExecutionListener@59d01eba, org.springframework.boot.test.autoconfigure.restdocs.RestDocsTestExecutionListener@3dc4ff3a, org.springframework.boot.test.autoconfigure.web.client.MockRestServiceServerResetTestExecutionListener@d93ced, org.springframework.boot.test.autoconfigure.web.servlet.MockMvcPrintOnlyOnFailureTestExecutionListener@2541c703, org.springframework.boot.test.autoconfigure.web.servlet.WebDriverTestExecutionListener@7c3d28df, org.springframework.boot.test.mock.mockito.ResetMocksTestExecutionListener@669a354d]

  .   ____          _            __ _ _
 /\\ / ___'_ __ _ _(_)_ __  __ _ \ \ \ \
( ( )\___ | '_ | '_| | '_ \/ _` | \ \ \ \
 \\/  ___)| |_)| | | | | || (_| |  ) ) ) )
  '  |____| .__|_| |_|_| |_\__, | / / / /
 =========|_|==============|___/=/_/_/_/
 :: Spring Boot ::        (v2.1.7.RELEASE)

2021-03-17 22:12:17.320  INFO 11152 --- [    Test worker] c.c.b.s.web.IndexControllerTest          : Starting IndexControllerTest on DESKTOP-5K42CEL with PID 11152 (started by chc85 in C:\springboot\project1)
2021-03-17 22:12:17.320  INFO 11152 --- [    Test worker] c.c.b.s.web.IndexControllerTest          : The following profiles are active: oauth
2021-03-17 22:12:17.508  INFO 11152 --- [    Test worker] .s.d.r.c.RepositoryConfigurationDelegate : Bootstrapping Spring Data repositories in DEFAULT mode.
2021-03-17 22:12:17.524  INFO 11152 --- [    Test worker] .s.d.r.c.RepositoryConfigurationDelegate : Finished Spring Data repository scanning in 16ms. Found 2 repository interfaces.
2021-03-17 22:12:17.602  INFO 11152 --- [    Test worker] trationDelegate$BeanPostProcessorChecker : Bean 'org.springframework.transaction.annotation.ProxyTransactionManagementConfiguration' of type [org.springframework.transaction.annotation.ProxyTransactionManagementConfiguration$$EnhancerBySpringCGLIB$$5be4b918] is not eligible for getting processed by all BeanPostProcessors (for example: not eligible for auto-proxying)
2021-03-17 22:12:17.820  INFO 11152 --- [    Test worker] o.s.b.w.embedded.tomcat.TomcatWebServer  : Tomcat initialized with port(s): 0 (http)
2021-03-17 22:12:17.852  INFO 11152 --- [    Test worker] o.apache.catalina.core.StandardService   : Starting service [Tomcat]
2021-03-17 22:12:17.852  INFO 11152 --- [    Test worker] org.apache.catalina.core.StandardEngine  : Starting Servlet engine: [Apache Tomcat/9.0.22]
2021-03-17 22:12:17.977  INFO 11152 --- [    Test worker] o.a.c.c.C.[Tomcat].[localhost].[/]       : Initializing Spring embedded WebApplicationContext
2021-03-17 22:12:17.977  INFO 11152 --- [    Test worker] o.s.web.context.ContextLoader            : Root WebApplicationContext: initialization completed in 657 ms
2021-03-17 22:12:18.156  INFO 11152 --- [    Test worker] com.zaxxer.hikari.HikariDataSource       : HikariPool-2 - Starting...
2021-03-17 22:12:18.156  INFO 11152 --- [    Test worker] com.zaxxer.hikari.HikariDataSource       : HikariPool-2 - Start completed.
2021-03-17 22:12:18.187  INFO 11152 --- [    Test worker] o.hibernate.jpa.internal.util.LogHelper  : HHH000204: Processing PersistenceUnitInfo [
	name: default
	...]
2021-03-17 22:12:18.187  INFO 11152 --- [    Test worker] org.hibernate.dialect.Dialect            : HHH000400: Using dialect: org.hibernate.dialect.MySQL5InnoDBDialect
Hibernate: drop table if exists posts
Hibernate: drop table if exists user
Hibernate: create table posts (id bigint not null auto_increment, create_date datetime, modified_date datetime, author varchar(255), content TEXT not null, title varchar(500) not null, primary key (id)) engine=InnoDB
Hibernate: create table user (id bigint not null auto_increment, create_date datetime, modified_date datetime, email varchar(255) not null, name varchar(255) not null, picture varchar(255), role varchar(255) not null, primary key (id)) engine=InnoDB
2021-03-17 22:12:18.234  INFO 11152 --- [    Test worker] o.h.t.schema.internal.SchemaCreatorImpl  : HHH000476: Executing import script 'org.hibernate.tool.schema.internal.exec.ScriptSourceInputNonExistentImpl@6d75120d'
2021-03-17 22:12:18.234  INFO 11152 --- [    Test worker] j.LocalContainerEntityManagerFactoryBean : Initialized JPA EntityManagerFactory for persistence unit 'default'
2021-03-17 22:12:18.532  INFO 11152 --- [    Test worker] o.h.h.i.QueryTranslatorFactoryInitiator  : HHH000397: Using ASTQueryTranslatorFactory
2021-03-17 22:12:18.649  INFO 11152 --- [    Test worker] o.s.s.web.DefaultSecurityFilterChain     : Creating filter chain: any request, [org.springframework.security.web.context.request.async.WebAsyncManagerIntegrationFilter@54a2e89c, org.springframework.security.web.context.SecurityContextPersistenceFilter@15617555, org.springframework.security.web.header.HeaderWriterFilter@2f2c0d0b, org.springframework.security.web.authentication.logout.LogoutFilter@2704e3ec, org.springframework.security.oauth2.client.web.OAuth2AuthorizationRequestRedirectFilter@1078bc36, org.springframework.security.oauth2.client.web.OAuth2LoginAuthenticationFilter@5d5d5a42, org.springframework.security.web.authentication.ui.DefaultLoginPageGeneratingFilter@3951e24e, org.springframework.security.web.authentication.ui.DefaultLogoutPageGeneratingFilter@6331d994, org.springframework.security.web.savedrequest.RequestCacheAwareFilter@26d83d1b, org.springframework.security.web.servletapi.SecurityContextHolderAwareRequestFilter@69d3389e, org.springframework.security.web.authentication.AnonymousAuthenticationFilter@36fd50c8, org.springframework.security.web.session.SessionManagementFilter@3fbdedff, org.springframework.security.web.access.ExceptionTranslationFilter@698b4032, org.springframework.security.web.access.intercept.FilterSecurityInterceptor@77180783]
2021-03-17 22:12:18.853  INFO 11152 --- [    Test worker] o.s.s.concurrent.ThreadPoolTaskExecutor  : Initializing ExecutorService 'applicationTaskExecutor'
2021-03-17 22:12:18.869  WARN 11152 --- [    Test worker] aWebConfiguration$JpaWebMvcConfiguration : spring.jpa.open-in-view is enabled by default. Therefore, database queries may be performed during view rendering. Explicitly configure spring.jpa.open-in-view to disable this warning
2021-03-17 22:12:18.884  INFO 11152 --- [    Test worker] o.s.b.a.w.s.WelcomePageHandlerMapping    : Adding welcome page template: index
2021-03-17 22:12:19.119  INFO 11152 --- [    Test worker] s.a.ScheduledAnnotationBeanPostProcessor : No TaskScheduler/ScheduledExecutorService bean found for scheduled processing
2021-03-17 22:12:19.134  INFO 11152 --- [    Test worker] o.s.b.w.embedded.tomcat.TomcatWebServer  : Tomcat started on port(s): 53168 (http) with context path ''
2021-03-17 22:12:19.134  INFO 11152 --- [    Test worker] c.c.b.s.web.IndexControllerTest          : Started IndexControllerTest in 1.861 seconds (JVM running for 9.028)
2021-03-17 22:12:19.212  INFO 11152 --- [o-auto-1-exec-1] o.a.c.c.C.[Tomcat].[localhost].[/]       : Initializing Spring DispatcherServlet 'dispatcherServlet'
2021-03-17 22:12:19.212  INFO 11152 --- [o-auto-1-exec-1] o.s.web.servlet.DispatcherServlet        : Initializing Servlet 'dispatcherServlet'
2021-03-17 22:12:19.228  INFO 11152 --- [o-auto-1-exec-1] o.s.web.servlet.DispatcherServlet        : Completed initialization in 16 ms
Hibernate: select posts0_.id as id1_0_, posts0_.create_date as create_d2_0_, posts0_.modified_date as modified3_0_, posts0_.author as author4_0_, posts0_.content as content5_0_, posts0_.title as title6_0_ from posts posts0_ order by posts0_.id DESC
]]></system-out>
  <system-err><![CDATA[]]></system-err>
</testsuite>
